# JRE version: OpenJDK Runtime Environment Microsoft-8035246 (17.0.8+7) (build 17.0.8+7-LTS)
# Java VM: OpenJDK 64-Bit Server VM Microsoft-8035246 (17.0.8+7-LTS, mixed mode, sharing, tiered, compressed oops, compressed class ptrs, g1 gc, windows-amd64)
GC Precious Log:
 CPUs: 8 total, 8 available
 Memory: 7886M
 Large Page Support: Disabled
 NUMA Support: Disabled
 Compressed Oops: Enabled (32-bit)
 Heap Region Size: 1M
 Heap Min Capacity: 8M
 Heap Initial Capacity: 124M
 Heap Max Capacity: 2G
 Pre-touch: Disabled
 Parallel Workers: 8
 Concurrent Workers: 2
 Concurrent Refinement Workers: 8
 Periodic GC: Disabled
Heap:
 garbage-first heap   total 353280K, used 275505K [0x0000000080000000, 0x0000000100000000)
  region size 1024K, 24 young (24576K), 7 survivors (7168K)
 Metaspace       used 117451K, committed 119232K, reserved 557056K
  class space    used 16232K, committed 17024K, reserved 425984K
GC Heap History (20 events):
Event: 113.528 GC heap before
{Heap before GC invocations=69 (full 0):
 garbage-first heap   total 293888K, used 252741K [0x0000000080000000, 0x0000000100000000)
  region size 1024K, 25 young (25600K), 3 survivors (3072K)
 Metaspace       used 111204K, committed 112768K, reserved 557056K
  class space    used 15474K, committed 16192K, reserved 425984K
}
Event: 113.532 GC heap after
{Heap after GC invocations=70 (full 0):
 garbage-first heap   total 293888K, used 231939K [0x0000000080000000, 0x0000000100000000)
  region size 1024K, 3 young (3072K), 3 survivors (3072K)
 Metaspace       used 111204K, committed 112768K, reserved 557056K
  class space    used 15474K, committed 16192K, reserved 425984K
}
Event: 113.754 GC heap before
{Heap before GC invocations=70 (full 0):
 garbage-first heap   total 293888K, used 253443K [0x0000000080000000, 0x0000000100000000)
  region size 1024K, 24 young (24576K), 3 survivors (3072K)
 Metaspace       used 111314K, committed 112832K, reserved 557056K
  class space    used 15485K, committed 16192K, reserved 425984K
}
Event: 113.757 GC heap after
{Heap after GC invocations=71 (full 0):
 garbage-first heap   total 293888K, used 234370K [0x0000000080000000, 0x0000000100000000)
  region size 1024K, 3 young (3072K), 3 survivors (3072K)
 Metaspace       used 111314K, committed 112832K, reserved 557056K
  class space    used 15485K, committed 16192K, reserved 425984K
}
Event: 113.950 GC heap before
{Heap before GC invocations=71 (full 0):
 garbage-first heap   total 293888K, used 254850K [0x0000000080000000, 0x0000000100000000)
  region size 1024K, 23 young (23552K), 3 survivors (3072K)
 Metaspace       used 111528K, committed 113152K, reserved 557056K
  class space    used 15519K, committed 16256K, reserved 425984K
}
Event: 113.956 GC heap after
{Heap after GC invocations=72 (full 0):
 garbage-first heap   total 293888K, used 237379K [0x0000000080000000, 0x0000000100000000)
  region size 1024K, 3 young (3072K), 3 survivors (3072K)
 Metaspace       used 111528K, committed 113152K, reserved 557056K
  class space    used 15519K, committed 16256K, reserved 425984K
}
Event: 114.100 GC heap before
{Heap before GC invocations=72 (full 0):
 garbage-first heap   total 293888K, used 255811K [0x0000000080000000, 0x0000000100000000)
  region size 1024K, 21 young (21504K), 3 survivors (3072K)
 Metaspace       used 111595K, committed 113216K, reserved 557056K
  class space    used 15521K, committed 16256K, reserved 425984K
}
Event: 114.107 GC heap after
{Heap after GC invocations=73 (full 0):
 garbage-first heap   total 293888K, used 239159K [0x0000000080000000, 0x0000000100000000)
  region size 1024K, 2 young (2048K), 2 survivors (2048K)
 Metaspace       used 111595K, committed 113216K, reserved 557056K
  class space    used 15521K, committed 16256K, reserved 425984K
}
Event: 114.291 GC heap before
{Heap before GC invocations=73 (full 0):
 garbage-first heap   total 293888K, used 255543K [0x0000000080000000, 0x0000000100000000)
  region size 1024K, 19 young (19456K), 2 survivors (2048K)
 Metaspace       used 112152K, committed 113664K, reserved 557056K
  class space    used 15564K, committed 16256K, reserved 425984K
}
Event: 114.300 GC heap after
{Heap after GC invocations=74 (full 0):
 garbage-first heap   total 353280K, used 242415K [0x0000000080000000, 0x0000000100000000)
  region size 1024K, 3 young (3072K), 3 survivors (3072K)
 Metaspace       used 112152K, committed 113664K, reserved 557056K
  class space    used 15564K, committed 16256K, reserved 425984K
}
Event: 115.018 GC heap before
{Heap before GC invocations=74 (full 0):
 garbage-first heap   total 353280K, used 299759K [0x0000000080000000, 0x0000000100000000)
  region size 1024K, 55 young (56320K), 3 survivors (3072K)
 Metaspace       used 114344K, committed 115968K, reserved 557056K
  class space    used 15824K, committed 16576K, reserved 425984K
}
Event: 115.029 GC heap after
{Heap after GC invocations=75 (full 0):
 garbage-first heap   total 353280K, used 246331K [0x0000000080000000, 0x0000000100000000)
  region size 1024K, 7 young (7168K), 7 survivors (7168K)
 Metaspace       used 114344K, committed 115968K, reserved 557056K
  class space    used 15824K, committed 16576K, reserved 425984K
}
Event: 115.555 GC heap before
{Heap before GC invocations=75 (full 0):
 garbage-first heap   total 353280K, used 297531K [0x0000000080000000, 0x0000000100000000)
  region size 1024K, 58 young (59392K), 7 survivors (7168K)
 Metaspace       used 114878K, committed 116544K, reserved 557056K
  class space    used 15888K, committed 16640K, reserved 425984K
}
Event: 115.562 GC heap after
{Heap after GC invocations=76 (full 0):
 garbage-first heap   total 353280K, used 248128K [0x0000000080000000, 0x0000000100000000)
  region size 1024K, 6 young (6144K), 6 survivors (6144K)
 Metaspace       used 114878K, committed 116544K, reserved 557056K
  class space    used 15888K, committed 16640K, reserved 425984K
}
Event: 116.365 GC heap before
{Heap before GC invocations=76 (full 0):
 garbage-first heap   total 353280K, used 299328K [0x0000000080000000, 0x0000000100000000)
  region size 1024K, 57 young (58368K), 6 survivors (6144K)
 Metaspace       used 117014K, committed 118720K, reserved 557056K
  class space    used 16195K, committed 16960K, reserved 425984K
}
Event: 116.376 GC heap after
{Heap after GC invocations=77 (full 0):
 garbage-first heap   total 353280K, used 254204K [0x0000000080000000, 0x0000000100000000)
  region size 1024K, 8 young (8192K), 8 survivors (8192K)
 Metaspace       used 117014K, committed 118720K, reserved 557056K
  class space    used 16195K, committed 16960K, reserved 425984K
}
Event: 117.359 GC heap before
{Heap before GC invocations=77 (full 0):
 garbage-first heap   total 353280K, used 301308K [0x0000000080000000, 0x0000000100000000)
  region size 1024K, 55 young (56320K), 8 survivors (8192K)
 Metaspace       used 117023K, committed 118720K, reserved 557056K
  class space    used 16195K, committed 16960K, reserved 425984K
}
Event: 117.367 GC heap after
{Heap after GC invocations=78 (full 0):
 garbage-first heap   total 353280K, used 256653K [0x0000000080000000, 0x0000000100000000)
  region size 1024K, 3 young (3072K), 3 survivors (3072K)
 Metaspace       used 117023K, committed 118720K, reserved 557056K
  class space    used 16195K, committed 16960K, reserved 425984K
}
Event: 118.043 GC heap before
{Heap before GC invocations=78 (full 0):
 garbage-first heap   total 353280K, used 306829K [0x0000000080000000, 0x0000000100000000)
  region size 1024K, 49 young (50176K), 3 survivors (3072K)
 Metaspace       used 117075K, committed 118784K, reserved 557056K
  class space    used 16195K, committed 16960K, reserved 425984K
}
Event: 118.051 GC heap after
{Heap after GC invocations=79 (full 0):
 garbage-first heap   total 353280K, used 260145K [0x0000000080000000, 0x0000000100000000)
  region size 1024K, 7 young (7168K), 7 survivors (7168K)
 Metaspace       used 117075K, committed 118784K, reserved 557056K
  class space    used 16195K, committed 16960K, reserved 425984K
}

